# JRE version: OpenJDK Runtime Environment (8.0_212-b04) (build 1.8.0_212-release-1586-b04)
# Java VM: OpenJDK 64-Bit Server VM (25.212-b04 mixed mode windows-amd64 compressed oops)
Heap:
 PSYoungGen      total 468992K, used 160461K [0x00000000e0000000, 0x0000000100000000, 0x0000000100000000)
  eden space 431104K, 28% used [0x00000000e0000000,0x00000000e77b7820,0x00000000fa500000)
  from space 37888K, 99% used [0x00000000fd980000,0x00000000ffe7bea8,0x00000000ffe80000)
  to   space 46592K, 0% used [0x00000000fa500000,0x00000000fa500000,0x00000000fd280000)
 ParOldGen       total 197120K, used 149917K [0x00000000a0000000, 0x00000000ac080000, 0x00000000e0000000)
  object space 197120K, 76% used [0x00000000a0000000,0x00000000a92675a8,0x00000000ac080000)
 Metaspace       used 181959K, capacity 191752K, committed 192280K, reserved 1216512K
  class space    used 23273K, capacity 25067K, committed 25384K, reserved 1048576K
GC Heap History (10 events):
Event: 7332.500 GC heap before
{Heap before GC invocations=67 (full 5):
 PSYoungGen      total 452096K, used 419446K [0x00000000e0000000, 0x00000000fff00000, 0x0000000100000000)
  eden space 412160K, 100% used [0x00000000e0000000,0x00000000f9280000,0x00000000f9280000)
  from space 39936K, 18% used [0x00000000f9280000,0x00000000f999d810,0x00000000fb980000)
  to   space 39936K, 0% used [0x00000000fd800000,0x00000000fd800000,0x00000000fff00000)
 ParOldGen       total 197120K, used 113742K [0x00000000a0000000, 0x00000000ac080000, 0x00000000e0000000)
  object space 197120K, 57% used [0x00000000a0000000,0x00000000a6f13968,0x00000000ac080000)
 Metaspace       used 180325K, capacity 189918K, committed 190232K, reserved 1214464K
  class space    used 23078K, capacity 24848K, committed 25128K, reserved 1048576K
Event: 7332.530 GC heap after
Heap after GC invocations=67 (full 5):
 PSYoungGen      total 482816K, used 3924K [0x00000000e0000000, 0x0000000100000000, 0x0000000100000000)
  eden space 442880K, 0% used [0x00000000e0000000,0x00000000e0000000,0x00000000fb080000)
  from space 39936K, 9% used [0x00000000fd800000,0x00000000fdbd51b8,0x00000000fff00000)
  to   space 40448K, 0% used [0x00000000fb080000,0x00000000fb080000,0x00000000fd800000)
 ParOldGen       total 197120K, used 119275K [0x00000000a0000000, 0x00000000ac080000, 0x00000000e0000000)
  object space 197120K, 60% used [0x00000000a0000000,0x00000000a747af80,0x00000000ac080000)
 Metaspace       used 180325K, capacity 189918K, committed 190232K, reserved 1214464K
  class space    used 23078K, capacity 24848K, committed 25128K, reserved 1048576K
}
Event: 7335.124 GC heap before
{Heap before GC invocations=68 (full 5):
 PSYoungGen      total 482816K, used 446804K [0x00000000e0000000, 0x0000000100000000, 0x0000000100000000)
  eden space 442880K, 100% used [0x00000000e0000000,0x00000000fb080000,0x00000000fb080000)
  from space 39936K, 9% used [0x00000000fd800000,0x00000000fdbd51b8,0x00000000fff00000)
  to   space 40448K, 0% used [0x00000000fb080000,0x00000000fb080000,0x00000000fd800000)
 ParOldGen       total 197120K, used 121356K [0x00000000a0000000, 0x00000000ac080000, 0x00000000e0000000)
  object space 197120K, 61% used [0x00000000a0000000,0x00000000a76830a8,0x00000000ac080000)
 Metaspace       used 180407K, capacity 190020K, committed 190616K, reserved 1214464K
  class space    used 23087K, capacity 24881K, committed 25256K, reserved 1048576K
Event: 7335.161 GC heap after
Heap after GC invocations=68 (full 5):
 PSYoungGen      total 462848K, used 19522K [0x00000000e0000000, 0x00000000ffd80000, 0x0000000100000000)
  eden space 442880K, 0% used [0x00000000e0000000,0x00000000e0000000,0x00000000fb080000)
  from space 19968K, 97% used [0x00000000fb080000,0x00000000fc390990,0x00000000fc400000)
  to   space 38912K, 0% used [0x00000000fd780000,0x00000000fd780000,0x00000000ffd80000)
 ParOldGen       total 197120K, used 122840K [0x00000000a0000000, 0x00000000ac080000, 0x00000000e0000000)
  object space 197120K, 62% used [0x00000000a0000000,0x00000000a77f6080,0x00000000ac080000)
 Metaspace       used 180407K, capacity 190020K, committed 190616K, reserved 1214464K
  class space    used 23087K, capacity 24881K, committed 25256K, reserved 1048576K
}
Event: 7338.014 GC heap before
{Heap before GC invocations=69 (full 5):
 PSYoungGen      total 462848K, used 462402K [0x00000000e0000000, 0x00000000ffd80000, 0x0000000100000000)
  eden space 442880K, 100% used [0x00000000e0000000,0x00000000fb080000,0x00000000fb080000)
  from space 19968K, 97% used [0x00000000fb080000,0x00000000fc390990,0x00000000fc400000)
  to   space 38912K, 0% used [0x00000000fd780000,0x00000000fd780000,0x00000000ffd80000)
 ParOldGen       total 197120K, used 122842K [0x00000000a0000000, 0x00000000ac080000, 0x00000000e0000000)
  object space 197120K, 62% used [0x00000000a0000000,0x00000000a77f6a28,0x00000000ac080000)
 Metaspace       used 181112K, capacity 190722K, committed 191128K, reserved 1214464K
  class space    used 23177K, capacity 24958K, committed 25256K, reserved 1048576K
Event: 7338.052 GC heap after
Heap after GC invocations=69 (full 5):
 PSYoungGen      total 483328K, used 7429K [0x00000000e0000000, 0x0000000100000000, 0x0000000100000000)
  eden space 444416K, 0% used [0x00000000e0000000,0x00000000e0000000,0x00000000fb200000)
  from space 38912K, 19% used [0x00000000fd780000,0x00000000fdec1710,0x00000000ffd80000)
  to   space 38400K, 0% used [0x00000000fb200000,0x00000000fb200000,0x00000000fd780000)
 ParOldGen       total 197120K, used 137658K [0x00000000a0000000, 0x00000000ac080000, 0x00000000e0000000)
  object space 197120K, 69% used [0x00000000a0000000,0x00000000a866e8b8,0x00000000ac080000)
 Metaspace       used 181112K, capacity 190722K, committed 191128K, reserved 1214464K
  class space    used 23177K, capacity 24958K, committed 25256K, reserved 1048576K
}
Event: 7340.368 GC heap before
{Heap before GC invocations=70 (full 5):
 PSYoungGen      total 483328K, used 451845K [0x00000000e0000000, 0x0000000100000000, 0x0000000100000000)
  eden space 444416K, 100% used [0x00000000e0000000,0x00000000fb200000,0x00000000fb200000)
  from space 38912K, 19% used [0x00000000fd780000,0x00000000fdec1710,0x00000000ffd80000)
  to   space 38400K, 0% used [0x00000000fb200000,0x00000000fb200000,0x00000000fd780000)
 ParOldGen       total 197120K, used 137658K [0x00000000a0000000, 0x00000000ac080000, 0x00000000e0000000)
  object space 197120K, 69% used [0x00000000a0000000,0x00000000a866e8b8,0x00000000ac080000)
 Metaspace       used 181233K, capacity 190894K, committed 191512K, reserved 1216512K
  class space    used 23192K, capacity 24996K, committed 25384K, reserved 1048576K
Event: 7340.400 GC heap after
Heap after GC invocations=70 (full 5):
 PSYoungGen      total 482816K, used 5568K [0x00000000e0000000, 0x00000000ffe80000, 0x0000000100000000)
  eden space 444416K, 0% used [0x00000000e0000000,0x00000000e0000000,0x00000000fb200000)
  from space 38400K, 14% used [0x00000000fb200000,0x00000000fb770020,0x00000000fd780000)
  to   space 37888K, 0% used [0x00000000fd980000,0x00000000fd980000,0x00000000ffe80000)
 ParOldGen       total 197120K, used 143782K [0x00000000a0000000, 0x00000000ac080000, 0x00000000e0000000)
  object space 197120K, 72% used [0x00000000a0000000,0x00000000a8c69a48,0x00000000ac080000)
 Metaspace       used 181233K, capacity 190894K, committed 191512K, reserved 1216512K
  class space    used 23192K, capacity 24996K, committed 25384K, reserved 1048576K
}
Event: 7344.368 GC heap before
{Heap before GC invocations=71 (full 5):
 PSYoungGen      total 482816K, used 449984K [0x00000000e0000000, 0x00000000ffe80000, 0x0000000100000000)
  eden space 444416K, 100% used [0x00000000e0000000,0x00000000fb200000,0x00000000fb200000)
  from space 38400K, 14% used [0x00000000fb200000,0x00000000fb770020,0x00000000fd780000)
  to   space 37888K, 0% used [0x00000000fd980000,0x00000000fd980000,0x00000000ffe80000)
 ParOldGen       total 197120K, used 143782K [0x00000000a0000000, 0x00000000ac080000, 0x00000000e0000000)
  object space 197120K, 72% used [0x00000000a0000000,0x00000000a8c69a48,0x00000000ac080000)
 Metaspace       used 181465K, capacity 191122K, committed 191512K, reserved 1216512K
  class space    used 23194K, capacity 24998K, committed 25384K, reserved 1048576K
Event: 7344.481 GC heap after
Heap after GC invocations=71 (full 5):
 PSYoungGen      total 468992K, used 37871K [0x00000000e0000000, 0x0000000100000000, 0x0000000100000000)
  eden space 431104K, 0% used [0x00000000e0000000,0x00000000e0000000,0x00000000fa500000)
  from space 37888K, 99% used [0x00000000fd980000,0x00000000ffe7bea8,0x00000000ffe80000)
  to   space 46592K, 0% used [0x00000000fa500000,0x00000000fa500000,0x00000000fd280000)
 ParOldGen       total 197120K, used 149917K [0x00000000a0000000, 0x00000000ac080000, 0x00000000e0000000)
  object space 197120K, 76% used [0x00000000a0000000,0x00000000a92675a8,0x00000000ac080000)
 Metaspace       used 181465K, capacity 191122K, committed 191512K, reserved 1216512K
  class space    used 23194K, capacity 24998K, committed 25384K, reserved 1048576K
}

