# JRE version: OpenJDK Runtime Environment (8.0_212-b04) (build 1.8.0_212-release-1586-b04)
# Java VM: OpenJDK 64-Bit Server VM (25.212-b04 mixed mode windows-amd64 compressed oops)
Heap:
 PSYoungGen      total 177664K, used 126884K [0x00000000e0000000, 0x00000000eda00000, 0x0000000100000000)
  eden space 160768K, 77% used [0x00000000e0000000,0x00000000e7a2f8e0,0x00000000e9d00000)
  from space 16896K, 10% used [0x00000000e9d00000,0x00000000e9eb9aa8,0x00000000ead80000)
  to   space 17408K, 0% used [0x00000000ec900000,0x00000000ec900000,0x00000000eda00000)
 ParOldGen       total 141312K, used 33201K [0x00000000a0000000, 0x00000000a8a00000, 0x00000000e0000000)
  object space 141312K, 23% used [0x00000000a0000000,0x00000000a206c4c8,0x00000000a8a00000)
 Metaspace       used 59533K, capacity 61448K, committed 61592K, reserved 1101824K
  class space    used 8047K, capacity 8506K, committed 8616K, reserved 1048576K
GC Heap History (10 events):
Event: 12.497 GC heap before
{Heap before GC invocations=12 (full 2):
 PSYoungGen      total 114688K, used 102912K [0x00000000e0000000, 0x00000000ea300000, 0x0000000100000000)
  eden space 102912K, 100% used [0x00000000e0000000,0x00000000e6480000,0x00000000e6480000)
  from space 11776K, 0% used [0x00000000e6480000,0x00000000e6480000,0x00000000e7000000)
  to   space 12800K, 0% used [0x00000000e9680000,0x00000000e9680000,0x00000000ea300000)
 ParOldGen       total 94720K, used 18054K [0x00000000a0000000, 0x00000000a5c80000, 0x00000000e0000000)
  object space 94720K, 19% used [0x00000000a0000000,0x00000000a11a1980,0x00000000a5c80000)
 Metaspace       used 45024K, capacity 46040K, committed 46376K, reserved 1089536K
  class space    used 6041K, capacity 6318K, committed 6440K, reserved 1048576K
Event: 12.523 GC heap after
Heap after GC invocations=12 (full 2):
 PSYoungGen      total 142336K, used 12791K [0x00000000e0000000, 0x00000000ea300000, 0x0000000100000000)
  eden space 129536K, 0% used [0x00000000e0000000,0x00000000e0000000,0x00000000e7e80000)
  from space 12800K, 99% used [0x00000000e9680000,0x00000000ea2fde18,0x00000000ea300000)
  to   space 14848K, 0% used [0x00000000e8600000,0x00000000e8600000,0x00000000e9480000)
 ParOldGen       total 94720K, used 20103K [0x00000000a0000000, 0x00000000a5c80000, 0x00000000e0000000)
  object space 94720K, 21% used [0x00000000a0000000,0x00000000a13a1c18,0x00000000a5c80000)
 Metaspace       used 45024K, capacity 46040K, committed 46376K, reserved 1089536K
  class space    used 6041K, capacity 6318K, committed 6440K, reserved 1048576K
}
Event: 17.065 GC heap before
{Heap before GC invocations=13 (full 2):
 PSYoungGen      total 142336K, used 142327K [0x00000000e0000000, 0x00000000ea300000, 0x0000000100000000)
  eden space 129536K, 100% used [0x00000000e0000000,0x00000000e7e80000,0x00000000e7e80000)
  from space 12800K, 99% used [0x00000000e9680000,0x00000000ea2fde18,0x00000000ea300000)
  to   space 14848K, 0% used [0x00000000e8600000,0x00000000e8600000,0x00000000e9480000)
 ParOldGen       total 94720K, used 20103K [0x00000000a0000000, 0x00000000a5c80000, 0x00000000e0000000)
  object space 94720K, 21% used [0x00000000a0000000,0x00000000a13a1c18,0x00000000a5c80000)
 Metaspace       used 53852K, capacity 55488K, committed 55720K, reserved 1097728K
  class space    used 7386K, capacity 7794K, committed 7848K, reserved 1048576K
Event: 17.115 GC heap after
Heap after GC invocations=13 (full 2):
 PSYoungGen      total 152064K, used 14073K [0x00000000e0000000, 0x00000000ebd80000, 0x0000000100000000)
  eden space 137216K, 0% used [0x00000000e0000000,0x00000000e0000000,0x00000000e8600000)
  from space 14848K, 94% used [0x00000000e8600000,0x00000000e93be588,0x00000000e9480000)
  to   space 16384K, 0% used [0x00000000ead80000,0x00000000ead80000,0x00000000ebd80000)
 ParOldGen       total 94720K, used 26023K [0x00000000a0000000, 0x00000000a5c80000, 0x00000000e0000000)
  object space 94720K, 27% used [0x00000000a0000000,0x00000000a1969c50,0x00000000a5c80000)
 Metaspace       used 53852K, capacity 55488K, committed 55720K, reserved 1097728K
  class space    used 7386K, capacity 7794K, committed 7848K, reserved 1048576K
}
Event: 21.576 GC heap before
{Heap before GC invocations=14 (full 2):
 PSYoungGen      total 152064K, used 131022K [0x00000000e0000000, 0x00000000ebd80000, 0x0000000100000000)
  eden space 137216K, 85% used [0x00000000e0000000,0x00000000e7235338,0x00000000e8600000)
  from space 14848K, 94% used [0x00000000e8600000,0x00000000e93be588,0x00000000e9480000)
  to   space 16384K, 0% used [0x00000000ead80000,0x00000000ead80000,0x00000000ebd80000)
 ParOldGen       total 94720K, used 26023K [0x00000000a0000000, 0x00000000a5c80000, 0x00000000e0000000)
  object space 94720K, 27% used [0x00000000a0000000,0x00000000a1969c50,0x00000000a5c80000)
 Metaspace       used 57232K, capacity 59124K, committed 59160K, reserved 1099776K
  class space    used 7810K, capacity 8232K, committed 8232K, reserved 1048576K
Event: 21.605 GC heap after
Heap after GC invocations=14 (full 2):
 PSYoungGen      total 177152K, used 12381K [0x00000000e0000000, 0x00000000ec580000, 0x0000000100000000)
  eden space 160768K, 0% used [0x00000000e0000000,0x00000000e0000000,0x00000000e9d00000)
  from space 16384K, 75% used [0x00000000ead80000,0x00000000eb997408,0x00000000ebd80000)
  to   space 16896K, 0% used [0x00000000e9d00000,0x00000000e9d00000,0x00000000ead80000)
 ParOldGen       total 94720K, used 26095K [0x00000000a0000000, 0x00000000a5c80000, 0x00000000e0000000)
  object space 94720K, 27% used [0x00000000a0000000,0x00000000a197bc60,0x00000000a5c80000)
 Metaspace       used 57232K, capacity 59124K, committed 59160K, reserved 1099776K
  class space    used 7810K, capacity 8232K, committed 8232K, reserved 1048576K
}
Event: 21.605 GC heap before
{Heap before GC invocations=15 (full 3):
 PSYoungGen      total 177152K, used 12381K [0x00000000e0000000, 0x00000000ec580000, 0x0000000100000000)
  eden space 160768K, 0% used [0x00000000e0000000,0x00000000e0000000,0x00000000e9d00000)
  from space 16384K, 75% used [0x00000000ead80000,0x00000000eb997408,0x00000000ebd80000)
  to   space 16896K, 0% used [0x00000000e9d00000,0x00000000e9d00000,0x00000000ead80000)
 ParOldGen       total 94720K, used 26095K [0x00000000a0000000, 0x00000000a5c80000, 0x00000000e0000000)
  object space 94720K, 27% used [0x00000000a0000000,0x00000000a197bc60,0x00000000a5c80000)
 Metaspace       used 57232K, capacity 59124K, committed 59160K, reserved 1099776K
  class space    used 7810K, capacity 8232K, committed 8232K, reserved 1048576K
Event: 22.026 GC heap after
Heap after GC invocations=15 (full 3):
 PSYoungGen      total 177152K, used 0K [0x00000000e0000000, 0x00000000ec580000, 0x0000000100000000)
  eden space 160768K, 0% used [0x00000000e0000000,0x00000000e0000000,0x00000000e9d00000)
  from space 16384K, 0% used [0x00000000ead80000,0x00000000ead80000,0x00000000ebd80000)
  to   space 16896K, 0% used [0x00000000e9d00000,0x00000000e9d00000,0x00000000ead80000)
 ParOldGen       total 141312K, used 33193K [0x00000000a0000000, 0x00000000a8a00000, 0x00000000e0000000)
  object space 141312K, 23% used [0x00000000a0000000,0x00000000a206a4c8,0x00000000a8a00000)
 Metaspace       used 57232K, capacity 59124K, committed 59160K, reserved 1099776K
  class space    used 7810K, capacity 8232K, committed 8232K, reserved 1048576K
}
Event: 33.840 GC heap before
{Heap before GC invocations=16 (full 3):
 PSYoungGen      total 177152K, used 160761K [0x00000000e0000000, 0x00000000ec580000, 0x0000000100000000)
  eden space 160768K, 99% used [0x00000000e0000000,0x00000000e9cfe648,0x00000000e9d00000)
  from space 16384K, 0% used [0x00000000ead80000,0x00000000ead80000,0x00000000ebd80000)
  to   space 16896K, 0% used [0x00000000e9d00000,0x00000000e9d00000,0x00000000ead80000)
 ParOldGen       total 141312K, used 33193K [0x00000000a0000000, 0x00000000a8a00000, 0x00000000e0000000)
  object space 141312K, 23% used [0x00000000a0000000,0x00000000a206a4c8,0x00000000a8a00000)
 Metaspace       used 59139K, capacity 61082K, committed 61208K, reserved 1101824K
  class space    used 8012K, capacity 8471K, committed 8488K, reserved 1048576K
Event: 33.875 GC heap after
Heap after GC invocations=16 (full 3):
 PSYoungGen      total 177664K, used 1766K [0x00000000e0000000, 0x00000000eda00000, 0x0000000100000000)
  eden space 160768K, 0% used [0x00000000e0000000,0x00000000e0000000,0x00000000e9d00000)
  from space 16896K, 10% used [0x00000000e9d00000,0x00000000e9eb9aa8,0x00000000ead80000)
  to   space 17408K, 0% used [0x00000000ec900000,0x00000000ec900000,0x00000000eda00000)
 ParOldGen       total 141312K, used 33201K [0x00000000a0000000, 0x00000000a8a00000, 0x00000000e0000000)
  object space 141312K, 23% used [0x00000000a0000000,0x00000000a206c4c8,0x00000000a8a00000)
 Metaspace       used 59139K, capacity 61082K, committed 61208K, reserved 1101824K
  class space    used 8012K, capacity 8471K, committed 8488K, reserved 1048576K
}

