# JRE version: OpenJDK Runtime Environment (8.0_212-b04) (build 1.8.0_212-release-1586-b04)
# Java VM: OpenJDK 64-Bit Server VM (25.212-b04 mixed mode windows-amd64 compressed oops)
Heap:
 PSYoungGen      total 245248K, used 191319K [0x00000000e0000000, 0x00000000f3300000, 0x0000000100000000)
  eden space 194560K, 73% used [0x00000000e0000000,0x00000000e8c72d68,0x00000000ebe00000)
  from space 50688K, 93% used [0x00000000ef600000,0x00000000f2463280,0x00000000f2780000)
  to   space 57344K, 0% used [0x00000000ebe00000,0x00000000ebe00000,0x00000000ef600000)
 ParOldGen       total 146944K, used 55743K [0x00000000a0000000, 0x00000000a8f80000, 0x00000000e0000000)
  object space 146944K, 37% used [0x00000000a0000000,0x00000000a366ff20,0x00000000a8f80000)
 Metaspace       used 84095K, capacity 88324K, committed 88488K, reserved 1126400K
  class space    used 11034K, capacity 11897K, committed 11944K, reserved 1048576K
GC Heap History (10 events):
Event: 282.440 GC heap before
{Heap before GC invocations=25 (full 3):
 PSYoungGen      total 160256K, used 160252K [0x00000000e0000000, 0x00000000ed880000, 0x0000000100000000)
  eden space 132608K, 100% used [0x00000000e0000000,0x00000000e8180000,0x00000000e8180000)
  from space 27648K, 99% used [0x00000000e8180000,0x00000000e9c7f1b0,0x00000000e9c80000)
  to   space 32256K, 0% used [0x00000000eb900000,0x00000000eb900000,0x00000000ed880000)
 ParOldGen       total 146944K, used 45128K [0x00000000a0000000, 0x00000000a8f80000, 0x00000000e0000000)
  object space 146944K, 30% used [0x00000000a0000000,0x00000000a2c12310,0x00000000a8f80000)
 Metaspace       used 80609K, capacity 84148K, committed 84264K, reserved 1122304K
  class space    used 10684K, capacity 11458K, committed 11560K, reserved 1048576K
Event: 282.556 GC heap after
Heap after GC invocations=25 (full 3):
 PSYoungGen      total 185856K, used 28205K [0x00000000e0000000, 0x00000000ee300000, 0x0000000100000000)
  eden space 153600K, 0% used [0x00000000e0000000,0x00000000e0000000,0x00000000e9600000)
  from space 32256K, 87% used [0x00000000eb900000,0x00000000ed48b690,0x00000000ed880000)
  to   space 35840K, 0% used [0x00000000e9600000,0x00000000e9600000,0x00000000eb900000)
 ParOldGen       total 146944K, used 45136K [0x00000000a0000000, 0x00000000a8f80000, 0x00000000e0000000)
  object space 146944K, 30% used [0x00000000a0000000,0x00000000a2c14310,0x00000000a8f80000)
 Metaspace       used 80609K, capacity 84148K, committed 84264K, reserved 1122304K
  class space    used 10684K, capacity 11458K, committed 11560K, reserved 1048576K
}
Event: 298.161 GC heap before
{Heap before GC invocations=26 (full 3):
 PSYoungGen      total 185856K, used 181805K [0x00000000e0000000, 0x00000000ee300000, 0x0000000100000000)
  eden space 153600K, 100% used [0x00000000e0000000,0x00000000e9600000,0x00000000e9600000)
  from space 32256K, 87% used [0x00000000eb900000,0x00000000ed48b690,0x00000000ed880000)
  to   space 35840K, 0% used [0x00000000e9600000,0x00000000e9600000,0x00000000eb900000)
 ParOldGen       total 146944K, used 45136K [0x00000000a0000000, 0x00000000a8f80000, 0x00000000e0000000)
  object space 146944K, 30% used [0x00000000a0000000,0x00000000a2c14310,0x00000000a8f80000)
 Metaspace       used 80611K, capacity 84148K, committed 84264K, reserved 1122304K
  class space    used 10684K, capacity 11458K, committed 11560K, reserved 1048576K
Event: 298.259 GC heap after
Heap after GC invocations=26 (full 3):
 PSYoungGen      total 189440K, used 27773K [0x00000000e0000000, 0x00000000eff00000, 0x0000000100000000)
  eden space 153600K, 0% used [0x00000000e0000000,0x00000000e0000000,0x00000000e9600000)
  from space 35840K, 77% used [0x00000000e9600000,0x00000000eb11f5c0,0x00000000eb900000)
  to   space 38400K, 0% used [0x00000000ed980000,0x00000000ed980000,0x00000000eff00000)
 ParOldGen       total 146944K, used 45144K [0x00000000a0000000, 0x00000000a8f80000, 0x00000000e0000000)
  object space 146944K, 30% used [0x00000000a0000000,0x00000000a2c16310,0x00000000a8f80000)
 Metaspace       used 80611K, capacity 84148K, committed 84264K, reserved 1122304K
  class space    used 10684K, capacity 11458K, committed 11560K, reserved 1048576K
}
Event: 309.544 GC heap before
{Heap before GC invocations=27 (full 3):
 PSYoungGen      total 189440K, used 181373K [0x00000000e0000000, 0x00000000eff00000, 0x0000000100000000)
  eden space 153600K, 100% used [0x00000000e0000000,0x00000000e9600000,0x00000000e9600000)
  from space 35840K, 77% used [0x00000000e9600000,0x00000000eb11f5c0,0x00000000eb900000)
  to   space 38400K, 0% used [0x00000000ed980000,0x00000000ed980000,0x00000000eff00000)
 ParOldGen       total 146944K, used 45144K [0x00000000a0000000, 0x00000000a8f80000, 0x00000000e0000000)
  object space 146944K, 30% used [0x00000000a0000000,0x00000000a2c16310,0x00000000a8f80000)
 Metaspace       used 81829K, capacity 85490K, committed 85672K, reserved 1124352K
  class space    used 10814K, capacity 11585K, committed 11688K, reserved 1048576K
Event: 309.656 GC heap after
Heap after GC invocations=27 (full 3):
 PSYoungGen      total 216064K, used 38392K [0x00000000e0000000, 0x00000000f0c00000, 0x0000000100000000)
  eden space 177664K, 0% used [0x00000000e0000000,0x00000000e0000000,0x00000000ead80000)
  from space 38400K, 99% used [0x00000000ed980000,0x00000000efefe158,0x00000000eff00000)
  to   space 45056K, 0% used [0x00000000ead80000,0x00000000ead80000,0x00000000ed980000)
 ParOldGen       total 146944K, used 48366K [0x00000000a0000000, 0x00000000a8f80000, 0x00000000e0000000)
  object space 146944K, 32% used [0x00000000a0000000,0x00000000a2f3b910,0x00000000a8f80000)
 Metaspace       used 81829K, capacity 85490K, committed 85672K, reserved 1124352K
  class space    used 10814K, capacity 11585K, committed 11688K, reserved 1048576K
}
Event: 392.819 GC heap before
{Heap before GC invocations=28 (full 3):
 PSYoungGen      total 216064K, used 216056K [0x00000000e0000000, 0x00000000f0c00000, 0x0000000100000000)
  eden space 177664K, 100% used [0x00000000e0000000,0x00000000ead80000,0x00000000ead80000)
  from space 38400K, 99% used [0x00000000ed980000,0x00000000efefe158,0x00000000eff00000)
  to   space 45056K, 0% used [0x00000000ead80000,0x00000000ead80000,0x00000000ed980000)
 ParOldGen       total 146944K, used 48366K [0x00000000a0000000, 0x00000000a8f80000, 0x00000000e0000000)
  object space 146944K, 32% used [0x00000000a0000000,0x00000000a2f3b910,0x00000000a8f80000)
 Metaspace       used 84048K, capacity 88324K, committed 88488K, reserved 1126400K
  class space    used 11034K, capacity 11897K, committed 11944K, reserved 1048576K
Event: 392.894 GC heap after
Heap after GC invocations=28 (full 3):
 PSYoungGen      total 222720K, used 40729K [0x00000000e0000000, 0x00000000f2780000, 0x0000000100000000)
  eden space 177664K, 0% used [0x00000000e0000000,0x00000000e0000000,0x00000000ead80000)
  from space 45056K, 90% used [0x00000000ead80000,0x00000000ed5464e0,0x00000000ed980000)
  to   space 50688K, 0% used [0x00000000ef600000,0x00000000ef600000,0x00000000f2780000)
 ParOldGen       total 146944K, used 55735K [0x00000000a0000000, 0x00000000a8f80000, 0x00000000e0000000)
  object space 146944K, 37% used [0x00000000a0000000,0x00000000a366df20,0x00000000a8f80000)
 Metaspace       used 84048K, capacity 88324K, committed 88488K, reserved 1126400K
  class space    used 11034K, capacity 11897K, committed 11944K, reserved 1048576K
}
Event: 412.451 GC heap before
{Heap before GC invocations=29 (full 3):
 PSYoungGen      total 222720K, used 218393K [0x00000000e0000000, 0x00000000f2780000, 0x0000000100000000)
  eden space 177664K, 100% used [0x00000000e0000000,0x00000000ead80000,0x00000000ead80000)
  from space 45056K, 90% used [0x00000000ead80000,0x00000000ed5464e0,0x00000000ed980000)
  to   space 50688K, 0% used [0x00000000ef600000,0x00000000ef600000,0x00000000f2780000)
 ParOldGen       total 146944K, used 55735K [0x00000000a0000000, 0x00000000a8f80000, 0x00000000e0000000)
  object space 146944K, 37% used [0x00000000a0000000,0x00000000a366df20,0x00000000a8f80000)
 Metaspace       used 84082K, capacity 88324K, committed 88488K, reserved 1126400K
  class space    used 11034K, capacity 11897K, committed 11944K, reserved 1048576K
Event: 412.520 GC heap after
Heap after GC invocations=29 (full 3):
 PSYoungGen      total 245248K, used 47500K [0x00000000e0000000, 0x00000000f3300000, 0x0000000100000000)
  eden space 194560K, 0% used [0x00000000e0000000,0x00000000e0000000,0x00000000ebe00000)
  from space 50688K, 93% used [0x00000000ef600000,0x00000000f2463280,0x00000000f2780000)
  to   space 57344K, 0% used [0x00000000ebe00000,0x00000000ebe00000,0x00000000ef600000)
 ParOldGen       total 146944K, used 55743K [0x00000000a0000000, 0x00000000a8f80000, 0x00000000e0000000)
  object space 146944K, 37% used [0x00000000a0000000,0x00000000a366ff20,0x00000000a8f80000)
 Metaspace       used 84082K, capacity 88324K, committed 88488K, reserved 1126400K
  class space    used 11034K, capacity 11897K, committed 11944K, reserved 1048576K
}

